<?xml version="1.0" encoding="UTF-8"?>
<testng-results ignored="0" total="3" passed="3" failed="0" skipped="0">
  <reporter-output>
  </reporter-output>
  <suite started-at="2022-11-07T17:30:08 IST" name="Default suite" finished-at="2022-11-07T17:31:01 IST" duration-ms="52993">
    <groups>
    </groups>
    <test started-at="2022-11-07T17:30:08 IST" name="Default test" finished-at="2022-11-07T17:31:01 IST" duration-ms="52993">
      <class name="com.hrm.qa.testcases.LoginPageTest">
        <test-method is-config="true" signature="setup()[pri:0, instance:com.hrm.qa.testcases.LoginPageTest@35cabb2a]" started-at="2022-11-07T17:30:08 IST" name="setup" finished-at="2022-11-07T17:30:34 IST" duration-ms="25583" status="PASS">
          <reporter-output>
          </reporter-output>
        </test-method> <!-- setup -->
        <test-method signature="loginPageTitleTest()[pri:1, instance:com.hrm.qa.testcases.LoginPageTest@35cabb2a]" started-at="2022-11-07T17:30:34 IST" name="loginPageTitleTest" finished-at="2022-11-07T17:30:34 IST" duration-ms="101" status="PASS">
          <reporter-output>
          </reporter-output>
        </test-method> <!-- loginPageTitleTest -->
        <test-method is-config="true" signature="tearDown()[pri:0, instance:com.hrm.qa.testcases.LoginPageTest@35cabb2a]" started-at="2022-11-07T17:30:34 IST" name="tearDown" finished-at="2022-11-07T17:30:34 IST" duration-ms="579" status="PASS">
          <reporter-output>
          </reporter-output>
        </test-method> <!-- tearDown -->
        <test-method is-config="true" signature="setup()[pri:0, instance:com.hrm.qa.testcases.LoginPageTest@35cabb2a]" started-at="2022-11-07T17:30:34 IST" name="setup" finished-at="2022-11-07T17:30:48 IST" duration-ms="13823" status="PASS">
          <reporter-output>
          </reporter-output>
        </test-method> <!-- setup -->
        <test-method signature="hrmLogoTest()[pri:2, instance:com.hrm.qa.testcases.LoginPageTest@35cabb2a]" started-at="2022-11-07T17:30:48 IST" name="hrmLogoTest" finished-at="2022-11-07T17:30:48 IST" duration-ms="58" status="PASS">
          <reporter-output>
          </reporter-output>
        </test-method> <!-- hrmLogoTest -->
        <test-method is-config="true" signature="tearDown()[pri:0, instance:com.hrm.qa.testcases.LoginPageTest@35cabb2a]" started-at="2022-11-07T17:30:48 IST" name="tearDown" finished-at="2022-11-07T17:30:49 IST" duration-ms="447" status="PASS">
          <reporter-output>
          </reporter-output>
        </test-method> <!-- tearDown -->
        <test-method is-config="true" signature="setup()[pri:0, instance:com.hrm.qa.testcases.LoginPageTest@35cabb2a]" started-at="2022-11-07T17:30:49 IST" name="setup" finished-at="2022-11-07T17:31:00 IST" duration-ms="11315" status="PASS">
          <reporter-output>
          </reporter-output>
        </test-method> <!-- setup -->
        <test-method signature="loginTest()[pri:3, instance:com.hrm.qa.testcases.LoginPageTest@35cabb2a]" started-at="2022-11-07T17:31:00 IST" name="loginTest" finished-at="2022-11-07T17:31:01 IST" duration-ms="534" status="PASS">
          <reporter-output>
          </reporter-output>
        </test-method> <!-- loginTest -->
        <test-method is-config="true" signature="tearDown()[pri:0, instance:com.hrm.qa.testcases.LoginPageTest@35cabb2a]" started-at="2022-11-07T17:31:01 IST" name="tearDown" finished-at="2022-11-07T17:31:01 IST" duration-ms="507" status="PASS">
          <reporter-output>
          </reporter-output>
        </test-method> <!-- tearDown -->
      </class> <!-- com.hrm.qa.testcases.LoginPageTest -->
    </test> <!-- Default test -->
  </suite> <!-- Default suite -->
</testng-results>
