<?xml version="1.0" encoding="UTF-8"?>
<!-- Generated by org.testng.reporters.JUnitXMLReporter -->
<testsuite ignored="0" hostname="Pavi" failures="0" tests="3" name="Default test" time="52.993" errors="0" timestamp="2022-11-07T17:31:01 IST">
  <testcase classname="com.hrm.qa.testcases.LoginPageTest" name="loginPageTitleTest" time="0.101"/>
  <testcase classname="com.hrm.qa.testcases.LoginPageTest" name="hrmLogoTest" time="0.058"/>
  <testcase classname="com.hrm.qa.testcases.LoginPageTest" name="loginTest" time="0.534"/>
</testsuite> <!-- Default test -->
