<?xml version="1.0" encoding="UTF-8"?>
<!-- Generated by org.testng.reporters.JUnitXMLReporter -->
<testsuite ignored="0" hostname="Pavi" failures="0" tests="6" name="Default test" time="122.891" errors="0" timestamp="2022-11-08T22:11:30 IST">
  <testcase classname="com.hrm.qa.testcases.LoginPageTest" name="loginPageTitleTest" time="0.185"/>
  <testcase classname="com.hrm.qa.testcases.LoginPageTest" name="hrmLogoTest" time="0.289"/>
  <testcase classname="com.hrm.qa.testcases.LoginPageTest" name="validUserLoginTest" time="0.666"/>
  <testcase classname="com.hrm.qa.testcases.LoginPageTest" name="validUserLoginTest" time="0.184"/>
  <testcase classname="com.hrm.qa.testcases.LoginPageTest" name="invalidUserLoginTest" time="2.198"/>
  <testcase classname="com.hrm.qa.testcases.LoginPageTest" name="invalidUserLoginTest" time="2.129"/>
</testsuite> <!-- Default test -->
